[ 2018-05-14T02:47:47+08:00 ] 127.0.0.1 /huigoupiao/Public/Theater/banner_bg.f7fd103e3b8c16b6f449cce43fc57f45.png
INFO: [ app_init ] --START--
INFO: Run Behavior\BuildLiteBehavior [ RunTime:0.000000s ]
INFO: [ app_init ] --END-- [ RunTime:0.001000s ]
ERR: 无法加载模块:Public

[ 2018-05-14T02:48:18+08:00 ] 127.0.0.1 /huigoupiao/Public/Theater/banner_bg.f7fd103e3b8c16b6f449cce43fc57f45.png
INFO: [ app_init ] --START--
INFO: Run Behavior\BuildLiteBehavior [ RunTime:0.000000s ]
INFO: [ app_init ] --END-- [ RunTime:0.001000s ]
ERR: 无法加载模块:Public

[ 2018-05-14T02:48:24+08:00 ] 127.0.0.1 /huigoupiao/Public/Theater/banner_bg.f7fd103e3b8c16b6f449cce43fc57f45.png
INFO: [ app_init ] --START--
INFO: Run Behavior\BuildLiteBehavior [ RunTime:0.000000s ]
INFO: [ app_init ] --END-- [ RunTime:0.001000s ]
ERR: 无法加载模块:Public

[ 2018-05-14T02:48:47+08:00 ] 127.0.0.1 /huigoupiao/Public/Theater/banner_bg.f7fd103e3b8c16b6f449cce43fc57f45.png
INFO: [ app_init ] --START--
INFO: Run Behavior\BuildLiteBehavior [ RunTime:0.000000s ]
INFO: [ app_init ] --END-- [ RunTime:0.001000s ]
ERR: 无法加载模块:Public

[ 2018-05-14T10:48:44+08:00 ] 127.0.0.1 /huigoupiao/Public/Theater/banner_bg.f7fd103e3b8c16b6f449cce43fc57f45.png
INFO: [ app_init ] --START--
INFO: Run Behavior\BuildLiteBehavior [ RunTime:0.000000s ]
INFO: [ app_init ] --END-- [ RunTime:0.002000s ]
ERR: 无法加载模块:Public

[ 2018-05-14T10:50:37+08:00 ] 127.0.0.1 /huigoupiao/Public/Theater/banner_bg.f7fd103e3b8c16b6f449cce43fc57f45.png
INFO: [ app_init ] --START--
INFO: Run Behavior\BuildLiteBehavior [ RunTime:0.000000s ]
INFO: [ app_init ] --END-- [ RunTime:0.002000s ]
ERR: 无法加载模块:Public

[ 2018-05-14T11:03:25+08:00 ] 127.0.0.1 /huigoupiao/Public/Theater/banner_bg.f7fd103e3b8c16b6f449cce43fc57f45.png
INFO: [ app_init ] --START--
INFO: Run Behavior\BuildLiteBehavior [ RunTime:0.000000s ]
INFO: [ app_init ] --END-- [ RunTime:0.001000s ]
ERR: 无法加载模块:Public

[ 2018-05-14T11:05:01+08:00 ] 127.0.0.1 /huigoupiao/Public/Theater/banner_bg.f7fd103e3b8c16b6f449cce43fc57f45.png
INFO: [ app_init ] --START--
INFO: Run Behavior\BuildLiteBehavior [ RunTime:0.000000s ]
INFO: [ app_init ] --END-- [ RunTime:0.001000s ]
ERR: 无法加载模块:Public

[ 2018-05-14T11:06:06+08:00 ] 127.0.0.1 /huigoupiao/Public/Theater/banner_bg.f7fd103e3b8c16b6f449cce43fc57f45.png
INFO: [ app_init ] --START--
INFO: Run Behavior\BuildLiteBehavior [ RunTime:0.000000s ]
INFO: [ app_init ] --END-- [ RunTime:0.001000s ]
ERR: 无法加载模块:Public

[ 2018-05-14T11:06:58+08:00 ] 127.0.0.1 /huigoupiao/Public/Theater/banner_bg.f7fd103e3b8c16b6f449cce43fc57f45.png
INFO: [ app_init ] --START--
INFO: Run Behavior\BuildLiteBehavior [ RunTime:0.000000s ]
INFO: [ app_init ] --END-- [ RunTime:0.001000s ]
ERR: 无法加载模块:Public

[ 2018-05-14T11:07:43+08:00 ] 127.0.0.1 /huigoupiao/Public/Theater/banner_bg.f7fd103e3b8c16b6f449cce43fc57f45.png
INFO: [ app_init ] --START--
INFO: Run Behavior\BuildLiteBehavior [ RunTime:0.000000s ]
INFO: [ app_init ] --END-- [ RunTime:0.001000s ]
ERR: 无法加载模块:Public

[ 2018-05-14T11:08:23+08:00 ] 127.0.0.1 /huigoupiao/Public/Theater/banner_bg.f7fd103e3b8c16b6f449cce43fc57f45.png
INFO: [ app_init ] --START--
INFO: Run Behavior\BuildLiteBehavior [ RunTime:0.000000s ]
INFO: [ app_init ] --END-- [ RunTime:0.000000s ]
ERR: 无法加载模块:Public

[ 2018-05-14T11:09:35+08:00 ] 127.0.0.1 /huigoupiao/Public/Theater/banner_bg.f7fd103e3b8c16b6f449cce43fc57f45.png
INFO: [ app_init ] --START--
INFO: Run Behavior\BuildLiteBehavior [ RunTime:0.000000s ]
INFO: [ app_init ] --END-- [ RunTime:0.001000s ]
ERR: 无法加载模块:Public

[ 2018-05-14T11:10:50+08:00 ] 127.0.0.1 /huigoupiao/Public/Theater/banner_bg.f7fd103e3b8c16b6f449cce43fc57f45.png
INFO: [ app_init ] --START--
INFO: Run Behavior\BuildLiteBehavior [ RunTime:0.000000s ]
INFO: [ app_init ] --END-- [ RunTime:0.001000s ]
ERR: 无法加载模块:Public

[ 2018-05-14T11:12:20+08:00 ] 127.0.0.1 /huigoupiao/Public/Theater/banner_bg.f7fd103e3b8c16b6f449cce43fc57f45.png
INFO: [ app_init ] --START--
INFO: Run Behavior\BuildLiteBehavior [ RunTime:0.000000s ]
INFO: [ app_init ] --END-- [ RunTime:0.001000s ]
ERR: 无法加载模块:Public

[ 2018-05-14T11:24:51+08:00 ] 127.0.0.1 /huigoupiao/Public/Theater/banner_bg.f7fd103e3b8c16b6f449cce43fc57f45.png
INFO: [ app_init ] --START--
INFO: Run Behavior\BuildLiteBehavior [ RunTime:0.000000s ]
INFO: [ app_init ] --END-- [ RunTime:0.001000s ]
ERR: 无法加载模块:Public

[ 2018-05-14T11:25:23+08:00 ] 127.0.0.1 /huigoupiao/Public/Theater/banner_bg.f7fd103e3b8c16b6f449cce43fc57f45.png
INFO: [ app_init ] --START--
INFO: Run Behavior\BuildLiteBehavior [ RunTime:0.000000s ]
INFO: [ app_init ] --END-- [ RunTime:0.001000s ]
ERR: 无法加载模块:Public

[ 2018-05-14T11:39:05+08:00 ] 127.0.0.1 /huigoupiao/Public/banner_bg.f7fd103e3b8c16b6f449cce43fc57f45.png
INFO: [ app_init ] --START--
INFO: Run Behavior\BuildLiteBehavior [ RunTime:0.000000s ]
INFO: [ app_init ] --END-- [ RunTime:0.001000s ]
ERR: 无法加载模块:Public

[ 2018-05-14T11:39:05+08:00 ] 127.0.0.1 /huigoupiao/Public/Theater/banner_bg.f7fd103e3b8c16b6f449cce43fc57f45.png
INFO: [ app_init ] --START--
INFO: Run Behavior\BuildLiteBehavior [ RunTime:0.000000s ]
INFO: [ app_init ] --END-- [ RunTime:0.001000s ]
ERR: 无法加载模块:Public

[ 2018-05-14T11:39:16+08:00 ] 127.0.0.1 /huigoupiao/Public/Theater/banner_bg.f7fd103e3b8c16b6f449cce43fc57f45.png
INFO: [ app_init ] --START--
INFO: Run Behavior\BuildLiteBehavior [ RunTime:0.000000s ]
INFO: [ app_init ] --END-- [ RunTime:0.001000s ]
ERR: 无法加载模块:Public

[ 2018-05-14T11:40:08+08:00 ] 127.0.0.1 /huigoupiao/Public/Theater/banner_bg.f7fd103e3b8c16b6f449cce43fc57f45.png
INFO: [ app_init ] --START--
INFO: Run Behavior\BuildLiteBehavior [ RunTime:0.000000s ]
INFO: [ app_init ] --END-- [ RunTime:0.003000s ]
ERR: 无法加载模块:Public

[ 2018-05-14T11:41:55+08:00 ] 127.0.0.1 /huigoupiao/Public/Theater/banner_bg.f7fd103e3b8c16b6f449cce43fc57f45.png
INFO: [ app_init ] --START--
INFO: Run Behavior\BuildLiteBehavior [ RunTime:0.000000s ]
INFO: [ app_init ] --END-- [ RunTime:0.001000s ]
ERR: 无法加载模块:Public

[ 2018-05-14T11:42:01+08:00 ] 127.0.0.1 /huigoupiao/Public/Theater/banner_bg.f7fd103e3b8c16b6f449cce43fc57f45.png
INFO: [ app_init ] --START--
INFO: Run Behavior\BuildLiteBehavior [ RunTime:0.000000s ]
INFO: [ app_init ] --END-- [ RunTime:0.002000s ]
ERR: 无法加载模块:Public

[ 2018-05-14T11:42:20+08:00 ] 127.0.0.1 /huigoupiao/Public/Theater/banner_bg.f7fd103e3b8c16b6f449cce43fc57f45.png
INFO: [ app_init ] --START--
INFO: Run Behavior\BuildLiteBehavior [ RunTime:0.000000s ]
INFO: [ app_init ] --END-- [ RunTime:0.002000s ]
ERR: 无法加载模块:Public

[ 2018-05-14T11:42:29+08:00 ] 127.0.0.1 /huigoupiao/Public/Theater/banner_bg.f7fd103e3b8c16b6f449cce43fc57f45.png
INFO: [ app_init ] --START--
INFO: Run Behavior\BuildLiteBehavior [ RunTime:0.000000s ]
INFO: [ app_init ] --END-- [ RunTime:0.003001s ]
ERR: 无法加载模块:Public

[ 2018-05-14T11:46:26+08:00 ] 127.0.0.1 /huigoupiao/Public/Theater/banner_bg.f7fd103e3b8c16b6f449cce43fc57f45.png
INFO: [ app_init ] --START--
INFO: Run Behavior\BuildLiteBehavior [ RunTime:0.000000s ]
INFO: [ app_init ] --END-- [ RunTime:0.001000s ]
ERR: 无法加载模块:Public

[ 2018-05-14T11:47:02+08:00 ] 127.0.0.1 /huigoupiao/Public/Theater/banner_bg.f7fd103e3b8c16b6f449cce43fc57f45.png
INFO: [ app_init ] --START--
INFO: Run Behavior\BuildLiteBehavior [ RunTime:0.000000s ]
INFO: [ app_init ] --END-- [ RunTime:0.001000s ]
ERR: 无法加载模块:Public

[ 2018-05-14T11:50:20+08:00 ] 127.0.0.1 /huigoupiao/Public/Theater/banner_bg.f7fd103e3b8c16b6f449cce43fc57f45.png
INFO: [ app_init ] --START--
INFO: Run Behavior\BuildLiteBehavior [ RunTime:0.000000s ]
INFO: [ app_init ] --END-- [ RunTime:0.079004s ]
ERR: 无法加载模块:Public

[ 2018-05-14T11:51:20+08:00 ] 127.0.0.1 /huigoupiao/Public/Theater/banner_bg.f7fd103e3b8c16b6f449cce43fc57f45.png
INFO: [ app_init ] --START--
INFO: Run Behavior\BuildLiteBehavior [ RunTime:0.000000s ]
INFO: [ app_init ] --END-- [ RunTime:0.001000s ]
ERR: 无法加载模块:Public

[ 2018-05-14T12:04:58+08:00 ] 127.0.0.1 /huigoupiao/Public/Theater/banner_bg.f7fd103e3b8c16b6f449cce43fc57f45.png
INFO: [ app_init ] --START--
INFO: Run Behavior\BuildLiteBehavior [ RunTime:0.000000s ]
INFO: [ app_init ] --END-- [ RunTime:0.001000s ]
ERR: 无法加载模块:Public

[ 2018-05-14T12:04:58+08:00 ] 127.0.0.1 /huigoupiao/Public/banner_bg.f7fd103e3b8c16b6f449cce43fc57f45.png
INFO: [ app_init ] --START--
INFO: Run Behavior\BuildLiteBehavior [ RunTime:0.001000s ]
INFO: [ app_init ] --END-- [ RunTime:0.001000s ]
ERR: 无法加载模块:Public

[ 2018-05-14T12:06:09+08:00 ] 127.0.0.1 /huigoupiao/Public/banner_bg.f7fd103e3b8c16b6f449cce43fc57f45.png
INFO: [ app_init ] --START--
INFO: Run Behavior\BuildLiteBehavior [ RunTime:0.000000s ]
INFO: [ app_init ] --END-- [ RunTime:0.001000s ]
ERR: 无法加载模块:Public

[ 2018-05-14T12:06:09+08:00 ] 127.0.0.1 /huigoupiao/Public/Theater/banner_bg.f7fd103e3b8c16b6f449cce43fc57f45.png
INFO: [ app_init ] --START--
INFO: Run Behavior\BuildLiteBehavior [ RunTime:0.000000s ]
INFO: [ app_init ] --END-- [ RunTime:0.002000s ]
ERR: 无法加载模块:Public

[ 2018-05-14T12:06:23+08:00 ] 127.0.0.1 /huigoupiao/Public/Theater/banner_bg.f7fd103e3b8c16b6f449cce43fc57f45.png
INFO: [ app_init ] --START--
INFO: Run Behavior\BuildLiteBehavior [ RunTime:0.000000s ]
INFO: [ app_init ] --END-- [ RunTime:0.002001s ]
ERR: 无法加载模块:Public

[ 2018-05-14T12:08:18+08:00 ] 127.0.0.1 /huigoupiao/Public/Theater/banner_bg.f7fd103e3b8c16b6f449cce43fc57f45.png
INFO: [ app_init ] --START--
INFO: Run Behavior\BuildLiteBehavior [ RunTime:0.000000s ]
INFO: [ app_init ] --END-- [ RunTime:0.001000s ]
ERR: 无法加载模块:Public

[ 2018-05-14T12:10:12+08:00 ] 127.0.0.1 /huigoupiao/Public/Theater/banner_bg.f7fd103e3b8c16b6f449cce43fc57f45.png
INFO: [ app_init ] --START--
INFO: Run Behavior\BuildLiteBehavior [ RunTime:0.000000s ]
INFO: [ app_init ] --END-- [ RunTime:0.001000s ]
ERR: 无法加载模块:Public

[ 2018-05-14T12:13:53+08:00 ] 127.0.0.1 /huigoupiao/Public/Theater/banner_bg.f7fd103e3b8c16b6f449cce43fc57f45.png
INFO: [ app_init ] --START--
INFO: Run Behavior\BuildLiteBehavior [ RunTime:0.001000s ]
INFO: [ app_init ] --END-- [ RunTime:0.002000s ]
ERR: 无法加载模块:Public

[ 2018-05-14T12:17:57+08:00 ] 127.0.0.1 /huigoupiao/Public/Theater/banner_bg.f7fd103e3b8c16b6f449cce43fc57f45.png
INFO: [ app_init ] --START--
INFO: Run Behavior\BuildLiteBehavior [ RunTime:0.001000s ]
INFO: [ app_init ] --END-- [ RunTime:0.002000s ]
ERR: 无法加载模块:Public

[ 2018-05-14T12:18:27+08:00 ] 127.0.0.1 /huigoupiao/Public/Theater/banner_bg.f7fd103e3b8c16b6f449cce43fc57f45.png
INFO: [ app_init ] --START--
INFO: Run Behavior\BuildLiteBehavior [ RunTime:0.000000s ]
INFO: [ app_init ] --END-- [ RunTime:0.003000s ]
ERR: 无法加载模块:Public

[ 2018-05-14T12:19:38+08:00 ] 127.0.0.1 /huigoupiao/Public/Theater/banner_bg.f7fd103e3b8c16b6f449cce43fc57f45.png
INFO: [ app_init ] --START--
INFO: Run Behavior\BuildLiteBehavior [ RunTime:0.000000s ]
INFO: [ app_init ] --END-- [ RunTime:0.011001s ]
ERR: 无法加载模块:Public

[ 2018-05-14T12:20:46+08:00 ] 127.0.0.1 /huigoupiao/Public/Theater/banner_bg.f7fd103e3b8c16b6f449cce43fc57f45.png
INFO: [ app_init ] --START--
INFO: Run Behavior\BuildLiteBehavior [ RunTime:0.000000s ]
INFO: [ app_init ] --END-- [ RunTime:0.001001s ]
ERR: 无法加载模块:Public

[ 2018-05-14T12:23:05+08:00 ] 127.0.0.1 /huigoupiao/Public/Theater/banner_bg.f7fd103e3b8c16b6f449cce43fc57f45.png
INFO: [ app_init ] --START--
INFO: Run Behavior\BuildLiteBehavior [ RunTime:0.001000s ]
INFO: [ app_init ] --END-- [ RunTime:0.001000s ]
ERR: 无法加载模块:Public

[ 2018-05-14T12:23:09+08:00 ] 127.0.0.1 /huigoupiao/Public/Theater/banner_bg.f7fd103e3b8c16b6f449cce43fc57f45.png
INFO: [ app_init ] --START--
INFO: Run Behavior\BuildLiteBehavior [ RunTime:0.000000s ]
INFO: [ app_init ] --END-- [ RunTime:0.002000s ]
ERR: 无法加载模块:Public

[ 2018-05-14T12:28:25+08:00 ] 127.0.0.1 /huigoupiao/Public/Theater/banner_bg.f7fd103e3b8c16b6f449cce43fc57f45.png
INFO: [ app_init ] --START--
INFO: Run Behavior\BuildLiteBehavior [ RunTime:0.000000s ]
INFO: [ app_init ] --END-- [ RunTime:0.000000s ]
ERR: 无法加载模块:Public

[ 2018-05-14T12:31:21+08:00 ] 127.0.0.1 /huigoupiao/Public/Theater/banner_bg.f7fd103e3b8c16b6f449cce43fc57f45.png
INFO: [ app_init ] --START--
INFO: Run Behavior\BuildLiteBehavior [ RunTime:0.000000s ]
INFO: [ app_init ] --END-- [ RunTime:0.001001s ]
ERR: 无法加载模块:Public

[ 2018-05-14T12:32:45+08:00 ] 127.0.0.1 /huigoupiao/Public/Theater/banner_bg.f7fd103e3b8c16b6f449cce43fc57f45.png
INFO: [ app_init ] --START--
INFO: Run Behavior\BuildLiteBehavior [ RunTime:0.000000s ]
INFO: [ app_init ] --END-- [ RunTime:0.002000s ]
ERR: 无法加载模块:Public

[ 2018-05-14T12:32:51+08:00 ] 127.0.0.1 /huigoupiao/Public/Theater/banner_bg.f7fd103e3b8c16b6f449cce43fc57f45.png
INFO: [ app_init ] --START--
INFO: Run Behavior\BuildLiteBehavior [ RunTime:0.000000s ]
INFO: [ app_init ] --END-- [ RunTime:0.002000s ]
ERR: 无法加载模块:Public

[ 2018-05-14T12:33:00+08:00 ] 127.0.0.1 /huigoupiao/Public/Theater/banner_bg.f7fd103e3b8c16b6f449cce43fc57f45.png
INFO: [ app_init ] --START--
INFO: Run Behavior\BuildLiteBehavior [ RunTime:0.001000s ]
INFO: [ app_init ] --END-- [ RunTime:0.002000s ]
ERR: 无法加载模块:Public

[ 2018-05-14T12:35:30+08:00 ] 127.0.0.1 /huigoupiao/Public/Theater/banner_bg.f7fd103e3b8c16b6f449cce43fc57f45.png
INFO: [ app_init ] --START--
INFO: Run Behavior\BuildLiteBehavior [ RunTime:0.000000s ]
INFO: [ app_init ] --END-- [ RunTime:0.001000s ]
ERR: 无法加载模块:Public

[ 2018-05-14T12:37:46+08:00 ] 127.0.0.1 /huigoupiao/Public/Theater/banner_bg.f7fd103e3b8c16b6f449cce43fc57f45.png
INFO: [ app_init ] --START--
INFO: Run Behavior\BuildLiteBehavior [ RunTime:0.001000s ]
INFO: [ app_init ] --END-- [ RunTime:0.001000s ]
ERR: 无法加载模块:Public

[ 2018-05-14T12:41:27+08:00 ] 127.0.0.1 /huigoupiao/Public/Theater/banner_bg.f7fd103e3b8c16b6f449cce43fc57f45.png
INFO: [ app_init ] --START--
INFO: Run Behavior\BuildLiteBehavior [ RunTime:0.000000s ]
INFO: [ app_init ] --END-- [ RunTime:0.001000s ]
ERR: 无法加载模块:Public

[ 2018-05-14T12:41:56+08:00 ] 127.0.0.1 /huigoupiao/Public/Theater/banner_bg.f7fd103e3b8c16b6f449cce43fc57f45.png
INFO: [ app_init ] --START--
INFO: Run Behavior\BuildLiteBehavior [ RunTime:0.000000s ]
INFO: [ app_init ] --END-- [ RunTime:0.002000s ]
ERR: 无法加载模块:Public

[ 2018-05-14T12:43:13+08:00 ] 127.0.0.1 /huigoupiao/Public/Theater/banner_bg.f7fd103e3b8c16b6f449cce43fc57f45.png
INFO: [ app_init ] --START--
INFO: Run Behavior\BuildLiteBehavior [ RunTime:0.001000s ]
INFO: [ app_init ] --END-- [ RunTime:0.002000s ]
ERR: 无法加载模块:Public

[ 2018-05-14T12:45:20+08:00 ] 127.0.0.1 /huigoupiao/Public/Theater/banner_bg.f7fd103e3b8c16b6f449cce43fc57f45.png
INFO: [ app_init ] --START--
INFO: Run Behavior\BuildLiteBehavior [ RunTime:0.000000s ]
INFO: [ app_init ] --END-- [ RunTime:0.001000s ]
ERR: 无法加载模块:Public

[ 2018-05-14T12:48:46+08:00 ] 127.0.0.1 /huigoupiao/Public/Theater/banner_bg.f7fd103e3b8c16b6f449cce43fc57f45.png
INFO: [ app_init ] --START--
INFO: Run Behavior\BuildLiteBehavior [ RunTime:0.000000s ]
INFO: [ app_init ] --END-- [ RunTime:0.001000s ]
ERR: 无法加载模块:Public

[ 2018-05-14T12:49:08+08:00 ] 127.0.0.1 /huigoupiao/Public/Theater/banner_bg.f7fd103e3b8c16b6f449cce43fc57f45.png
INFO: [ app_init ] --START--
INFO: Run Behavior\BuildLiteBehavior [ RunTime:0.000000s ]
INFO: [ app_init ] --END-- [ RunTime:0.001001s ]
ERR: 无法加载模块:Public

[ 2018-05-14T12:51:20+08:00 ] 127.0.0.1 /huigoupiao/Public/Theater/banner_bg.f7fd103e3b8c16b6f449cce43fc57f45.png
INFO: [ app_init ] --START--
INFO: Run Behavior\BuildLiteBehavior [ RunTime:0.000000s ]
INFO: [ app_init ] --END-- [ RunTime:0.001000s ]
ERR: 无法加载模块:Public

[ 2018-05-14T12:51:55+08:00 ] 127.0.0.1 /huigoupiao/Public/Theater/banner_bg.f7fd103e3b8c16b6f449cce43fc57f45.png
INFO: [ app_init ] --START--
INFO: Run Behavior\BuildLiteBehavior [ RunTime:0.000000s ]
INFO: [ app_init ] --END-- [ RunTime:0.002000s ]
ERR: 无法加载模块:Public

[ 2018-05-14T12:53:18+08:00 ] 127.0.0.1 /huigoupiao/Public/Theater/banner_bg.f7fd103e3b8c16b6f449cce43fc57f45.png
INFO: [ app_init ] --START--
INFO: Run Behavior\BuildLiteBehavior [ RunTime:0.000000s ]
INFO: [ app_init ] --END-- [ RunTime:0.001000s ]
ERR: 无法加载模块:Public

[ 2018-05-14T12:55:07+08:00 ] 127.0.0.1 /huigoupiao/Public/Theater/banner_bg.f7fd103e3b8c16b6f449cce43fc57f45.png
INFO: [ app_init ] --START--
INFO: Run Behavior\BuildLiteBehavior [ RunTime:0.000000s ]
INFO: [ app_init ] --END-- [ RunTime:0.001000s ]
ERR: 无法加载模块:Public

[ 2018-05-14T12:55:24+08:00 ] 127.0.0.1 /huigoupiao/Public/Theater/banner_bg.f7fd103e3b8c16b6f449cce43fc57f45.png
INFO: [ app_init ] --START--
INFO: Run Behavior\BuildLiteBehavior [ RunTime:0.000000s ]
INFO: [ app_init ] --END-- [ RunTime:0.002000s ]
ERR: 无法加载模块:Public

[ 2018-05-14T14:04:43+08:00 ] 127.0.0.1 /huigoupiao/Public/Theater/banner_bg.f7fd103e3b8c16b6f449cce43fc57f45.png
INFO: [ app_init ] --START--
INFO: Run Behavior\BuildLiteBehavior [ RunTime:0.000000s ]
INFO: [ app_init ] --END-- [ RunTime:0.001000s ]
ERR: 无法加载模块:Public

[ 2018-05-14T14:05:14+08:00 ] 127.0.0.1 /huigoupiao/Public/Theater/banner_bg.f7fd103e3b8c16b6f449cce43fc57f45.png
INFO: [ app_init ] --START--
INFO: Run Behavior\BuildLiteBehavior [ RunTime:0.000000s ]
INFO: [ app_init ] --END-- [ RunTime:0.001000s ]
ERR: 无法加载模块:Public

[ 2018-05-14T14:20:02+08:00 ] 127.0.0.1 /huigoupiao/Public/Theater/banner_bg.f7fd103e3b8c16b6f449cce43fc57f45.png
INFO: [ app_init ] --START--
INFO: Run Behavior\BuildLiteBehavior [ RunTime:0.000000s ]
INFO: [ app_init ] --END-- [ RunTime:0.001000s ]
ERR: 无法加载模块:Public

[ 2018-05-14T14:53:06+08:00 ] 127.0.0.1 /huigoupiao/Public/Theater/banner_bg.f7fd103e3b8c16b6f449cce43fc57f45.png
INFO: [ app_init ] --START--
INFO: Run Behavior\BuildLiteBehavior [ RunTime:0.000000s ]
INFO: [ app_init ] --END-- [ RunTime:0.001000s ]
ERR: 无法加载模块:Public

[ 2018-05-14T14:58:32+08:00 ] 127.0.0.1 /huigoupiao/Public/Theater/banner_bg.f7fd103e3b8c16b6f449cce43fc57f45.png
INFO: [ app_init ] --START--
INFO: Run Behavior\BuildLiteBehavior [ RunTime:0.000000s ]
INFO: [ app_init ] --END-- [ RunTime:0.001000s ]
ERR: 无法加载模块:Public

[ 2018-05-14T15:21:36+08:00 ] 127.0.0.1 /huigoupiao/Public/Theater/banner_bg.f7fd103e3b8c16b6f449cce43fc57f45.png
INFO: [ app_init ] --START--
INFO: Run Behavior\BuildLiteBehavior [ RunTime:0.000000s ]
INFO: [ app_init ] --END-- [ RunTime:0.001000s ]
ERR: 无法加载模块:Public

[ 2018-05-14T15:21:44+08:00 ] 127.0.0.1 /huigoupiao/Public/Theater/banner_bg.f7fd103e3b8c16b6f449cce43fc57f45.png
INFO: [ app_init ] --START--
INFO: Run Behavior\BuildLiteBehavior [ RunTime:0.000000s ]
INFO: [ app_init ] --END-- [ RunTime:0.001000s ]
ERR: 无法加载模块:Public

[ 2018-05-14T15:23:05+08:00 ] 127.0.0.1 /huigoupiao/Public/Theater/banner_bg.f7fd103e3b8c16b6f449cce43fc57f45.png
INFO: [ app_init ] --START--
INFO: Run Behavior\BuildLiteBehavior [ RunTime:0.000000s ]
INFO: [ app_init ] --END-- [ RunTime:0.001000s ]
ERR: 无法加载模块:Public

[ 2018-05-14T15:23:26+08:00 ] 127.0.0.1 /huigoupiao/Public/Theater/banner_bg.f7fd103e3b8c16b6f449cce43fc57f45.png
INFO: [ app_init ] --START--
INFO: Run Behavior\BuildLiteBehavior [ RunTime:0.000000s ]
INFO: [ app_init ] --END-- [ RunTime:0.002000s ]
ERR: 无法加载模块:Public

[ 2018-05-14T15:24:07+08:00 ] 127.0.0.1 /huigoupiao/Public/Theater/banner_bg.f7fd103e3b8c16b6f449cce43fc57f45.png
INFO: [ app_init ] --START--
INFO: Run Behavior\BuildLiteBehavior [ RunTime:0.000000s ]
INFO: [ app_init ] --END-- [ RunTime:0.001000s ]
ERR: 无法加载模块:Public

[ 2018-05-14T15:24:38+08:00 ] 127.0.0.1 /huigoupiao/Public/Theater/banner_bg.f7fd103e3b8c16b6f449cce43fc57f45.png
INFO: [ app_init ] --START--
INFO: Run Behavior\BuildLiteBehavior [ RunTime:0.000000s ]
INFO: [ app_init ] --END-- [ RunTime:0.001000s ]
ERR: 无法加载模块:Public

[ 2018-05-14T15:24:51+08:00 ] 127.0.0.1 /huigoupiao/Public/Theater/banner_bg.f7fd103e3b8c16b6f449cce43fc57f45.png
INFO: [ app_init ] --START--
INFO: Run Behavior\BuildLiteBehavior [ RunTime:0.001001s ]
INFO: [ app_init ] --END-- [ RunTime:0.001001s ]
ERR: 无法加载模块:Public

[ 2018-05-14T15:25:23+08:00 ] 127.0.0.1 /huigoupiao/Public/Theater/banner_bg.f7fd103e3b8c16b6f449cce43fc57f45.png
INFO: [ app_init ] --START--
INFO: Run Behavior\BuildLiteBehavior [ RunTime:0.000000s ]
INFO: [ app_init ] --END-- [ RunTime:0.001000s ]
ERR: 无法加载模块:Public

[ 2018-05-14T15:33:22+08:00 ] 127.0.0.1 /huigoupiao/Public/Theater/banner_bg.f7fd103e3b8c16b6f449cce43fc57f45.png
INFO: [ app_init ] --START--
INFO: Run Behavior\BuildLiteBehavior [ RunTime:0.000000s ]
INFO: [ app_init ] --END-- [ RunTime:0.001000s ]
ERR: 无法加载模块:Public

[ 2018-05-14T15:34:16+08:00 ] 127.0.0.1 /huigoupiao/Public/Theater/banner_bg.f7fd103e3b8c16b6f449cce43fc57f45.png
INFO: [ app_init ] --START--
INFO: Run Behavior\BuildLiteBehavior [ RunTime:0.000000s ]
INFO: [ app_init ] --END-- [ RunTime:0.001000s ]
ERR: 无法加载模块:Public

[ 2018-05-14T15:43:52+08:00 ] 127.0.0.1 /huigoupiao/Public/Theater/banner_bg.f7fd103e3b8c16b6f449cce43fc57f45.png
INFO: [ app_init ] --START--
INFO: Run Behavior\BuildLiteBehavior [ RunTime:0.000000s ]
INFO: [ app_init ] --END-- [ RunTime:0.001000s ]
ERR: 无法加载模块:Public

[ 2018-05-14T15:44:24+08:00 ] 127.0.0.1 /huigoupiao/Public/Theater/banner_bg.f7fd103e3b8c16b6f449cce43fc57f45.png
INFO: [ app_init ] --START--
INFO: Run Behavior\BuildLiteBehavior [ RunTime:0.000000s ]
INFO: [ app_init ] --END-- [ RunTime:0.001000s ]
ERR: 无法加载模块:Public

[ 2018-05-14T15:49:56+08:00 ] 127.0.0.1 /huigoupiao/Public/Theater/banner_bg.f7fd103e3b8c16b6f449cce43fc57f45.png
INFO: [ app_init ] --START--
INFO: Run Behavior\BuildLiteBehavior [ RunTime:0.000000s ]
INFO: [ app_init ] --END-- [ RunTime:0.001001s ]
ERR: 无法加载模块:Public

[ 2018-05-14T15:50:39+08:00 ] 127.0.0.1 /huigoupiao/Public/Theater/banner_bg.f7fd103e3b8c16b6f449cce43fc57f45.png
INFO: [ app_init ] --START--
INFO: Run Behavior\BuildLiteBehavior [ RunTime:0.000000s ]
INFO: [ app_init ] --END-- [ RunTime:0.001000s ]
ERR: 无法加载模块:Public

[ 2018-05-14T15:52:58+08:00 ] 127.0.0.1 /huigoupiao/Public/Theater/banner_bg.f7fd103e3b8c16b6f449cce43fc57f45.png
INFO: [ app_init ] --START--
INFO: Run Behavior\BuildLiteBehavior [ RunTime:0.000000s ]
INFO: [ app_init ] --END-- [ RunTime:0.000000s ]
ERR: 无法加载模块:Public

[ 2018-05-14T15:53:25+08:00 ] 127.0.0.1 /huigoupiao/Public/Theater/banner_bg.f7fd103e3b8c16b6f449cce43fc57f45.png
INFO: [ app_init ] --START--
INFO: Run Behavior\BuildLiteBehavior [ RunTime:0.000000s ]
INFO: [ app_init ] --END-- [ RunTime:0.001000s ]
ERR: 无法加载模块:Public

[ 2018-05-14T15:57:22+08:00 ] 127.0.0.1 /huigoupiao/Public/Theater/banner_bg.f7fd103e3b8c16b6f449cce43fc57f45.png
INFO: [ app_init ] --START--
INFO: Run Behavior\BuildLiteBehavior [ RunTime:0.000000s ]
INFO: [ app_init ] --END-- [ RunTime:0.002000s ]
ERR: 无法加载模块:Public

[ 2018-05-14T15:58:32+08:00 ] 127.0.0.1 /huigoupiao/Public/Theater/banner_bg.f7fd103e3b8c16b6f449cce43fc57f45.png
INFO: [ app_init ] --START--
INFO: Run Behavior\BuildLiteBehavior [ RunTime:0.000000s ]
INFO: [ app_init ] --END-- [ RunTime:0.002000s ]
ERR: 无法加载模块:Public

[ 2018-05-14T15:59:47+08:00 ] 127.0.0.1 /huigoupiao/Public/Theater/banner_bg.f7fd103e3b8c16b6f449cce43fc57f45.png
INFO: [ app_init ] --START--
INFO: Run Behavior\BuildLiteBehavior [ RunTime:0.001000s ]
INFO: [ app_init ] --END-- [ RunTime:0.002000s ]
ERR: 无法加载模块:Public

[ 2018-05-14T16:01:04+08:00 ] 127.0.0.1 /huigoupiao/Public/Theater/banner_bg.f7fd103e3b8c16b6f449cce43fc57f45.png
INFO: [ app_init ] --START--
INFO: Run Behavior\BuildLiteBehavior [ RunTime:0.000000s ]
INFO: [ app_init ] --END-- [ RunTime:0.002001s ]
ERR: 无法加载模块:Public

[ 2018-05-14T16:02:03+08:00 ] 127.0.0.1 /huigoupiao/Public/Theater/banner_bg.f7fd103e3b8c16b6f449cce43fc57f45.png
INFO: [ app_init ] --START--
INFO: Run Behavior\BuildLiteBehavior [ RunTime:0.000000s ]
INFO: [ app_init ] --END-- [ RunTime:0.001000s ]
ERR: 无法加载模块:Public

[ 2018-05-14T16:05:10+08:00 ] 127.0.0.1 /huigoupiao/Public/Theater/banner_bg.f7fd103e3b8c16b6f449cce43fc57f45.png
INFO: [ app_init ] --START--
INFO: Run Behavior\BuildLiteBehavior [ RunTime:0.000000s ]
INFO: [ app_init ] --END-- [ RunTime:0.001000s ]
ERR: 无法加载模块:Public

[ 2018-05-14T16:06:24+08:00 ] 127.0.0.1 /huigoupiao/Public/Theater/banner_bg.f7fd103e3b8c16b6f449cce43fc57f45.png
INFO: [ app_init ] --START--
INFO: Run Behavior\BuildLiteBehavior [ RunTime:0.000000s ]
INFO: [ app_init ] --END-- [ RunTime:0.003000s ]
ERR: 无法加载模块:Public

[ 2018-05-14T16:07:12+08:00 ] 127.0.0.1 /huigoupiao/Public/Theater/banner_bg.f7fd103e3b8c16b6f449cce43fc57f45.png
INFO: [ app_init ] --START--
INFO: Run Behavior\BuildLiteBehavior [ RunTime:0.000000s ]
INFO: [ app_init ] --END-- [ RunTime:0.000000s ]
ERR: 无法加载模块:Public

[ 2018-05-14T16:07:48+08:00 ] 127.0.0.1 /huigoupiao/Public/Theater/banner_bg.f7fd103e3b8c16b6f449cce43fc57f45.png
INFO: [ app_init ] --START--
INFO: Run Behavior\BuildLiteBehavior [ RunTime:0.000000s ]
INFO: [ app_init ] --END-- [ RunTime:0.001000s ]
ERR: 无法加载模块:Public

